<?xml version="1.0" encoding="UTF-8"?>
<!-- Generated by org.testng.reporters.JUnitReportReporter -->
<testsuite skipped="1" hostname="DESKTOP-73RQ7NR" name="Bookpillow.BookpillowFail" tests="1" failures="0" timestamp="28 Sep 2020 14:27:20 GMT" time="0.000" errors="0">
  <testcase name="BookpillowFailCase" time="0.000" classname="Bookpillow.BookpillowFail">
    <skipped/>
  </testcase> <!-- BookpillowFailCase -->
</testsuite> <!-- Bookpillow.BookpillowFail -->
